<?xml version="1.0" encoding="UTF-8"?>
<!-- Generated by org.testng.reporters.JUnitReportReporter -->
<testsuite skipped="0" hostname="DESKTOP-JQ2JDGT" name="TestFramework.FirstTest" tests="1" failures="0" timestamp="2022-06-23T20:50:33 UYT" time="11.944" errors="0">
  <testcase name="firstRun" time="11.944" classname="TestFramework.FirstTest"/>
  <system-out/>
</testsuite> <!-- TestFramework.FirstTest -->
